<?xml version="1.0" encoding="UTF-8"?>
<!-- Generated by org.testng.reporters.JUnitReportReporter -->
<testsuite hostname="testing001" name="testcases.NewTest" tests="2" failures="0" timestamp="6 Sep 2017 07:49:40 GMT" time="0.004" errors="0">
  <testcase name="f" time="0.001" classname="testcases.NewTest"/>
  <testcase name="f" time="0.003" classname="testcases.NewTest"/>
</testsuite> <!-- testcases.NewTest -->
