<?xml version="1.0" encoding="UTF-8"?>
<!-- Generated by org.testng.reporters.JUnitReportReporter -->
<testsuite hostname="testing001" name="testcases.NewTestMsgExcel" tests="1" failures="0" timestamp="11 Oct 2017 07:37:42 GMT" time="10.530" errors="0">
  <testcase name="testUntitled" time="10.530" classname="testcases.NewTestMsgExcel"/>
</testsuite> <!-- testcases.NewTestMsgExcel -->
