<?xml version="1.0" encoding="UTF-8"?>
<!-- Generated by org.testng.reporters.JUnitReportReporter -->
<testsuite hostname="testing001" name="testcases.NewTestMsgExcel" tests="1" failures="0" timestamp="12 Oct 2017 08:32:42 GMT" time="12.931" errors="0">
  <testcase name="testUntitled" time="12.931" classname="testcases.NewTestMsgExcel"/>
</testsuite> <!-- testcases.NewTestMsgExcel -->
