<?xml version="1.0" encoding="UTF-8"?>
<!-- Generated by org.testng.reporters.JUnitReportReporter -->
<testsuite hostname="testing001" name="jar.NewTest" tests="2" failures="0" timestamp="15 Aug 2017 09:50:39 GMT" time="0.031" errors="0">
  <testcase name="f" time="0.008" classname="jar.NewTest"/>
  <testcase name="f" time="0.023" classname="jar.NewTest"/>
</testsuite> <!-- jar.NewTest -->
