<?xml version="1.0" encoding="UTF-8"?>
<!-- Generated by org.testng.reporters.JUnitReportReporter -->
<testsuite hostname="testing001" name="testcases.NewTest1" tests="1" failures="0" timestamp="6 Sep 2017 07:49:40 GMT" time="4.148" errors="0">
  <testcase name="testUntitled" time="4.148" classname="testcases.NewTest1"/>
</testsuite> <!-- testcases.NewTest1 -->
