<?xml version="1.0" encoding="UTF-8"?>
<!-- Generated by org.testng.reporters.JUnitReportReporter -->
<testsuite hostname="testing001" name="testcases.NewTestFirefox" tests="1" failures="0" timestamp="12 Oct 2017 08:32:42 GMT" time="6.175" errors="0">
  <testcase name="f" time="6.175" classname="testcases.NewTestFirefox"/>
</testsuite> <!-- testcases.NewTestFirefox -->
