<?xml version="1.0" encoding="UTF-8"?>
<!-- Generated by org.testng.reporters.JUnitReportReporter -->
<testsuite hostname="testing001" name="testcases.NewTestFirefox" tests="1" failures="0" timestamp="6 Sep 2017 07:49:40 GMT" time="71.739" errors="0">
  <testcase name="f" time="71.739" classname="testcases.NewTestFirefox"/>
</testsuite> <!-- testcases.NewTestFirefox -->
