<?xml version="1.0" encoding="UTF-8"?>
<!-- Generated by org.testng.reporters.JUnitReportReporter -->
<testsuite hostname="testing001" name="testcases.NewTestMsgExcel" tests="1" failures="0" timestamp="7 Sep 2017 08:47:46 GMT" time="26.486" errors="0">
  <testcase name="testUntitled" time="26.486" classname="testcases.NewTestMsgExcel"/>
</testsuite> <!-- testcases.NewTestMsgExcel -->
