<?xml version="1.0" encoding="UTF-8"?>
<!-- Generated by org.testng.reporters.JUnitReportReporter -->
<testsuite hostname="testing001" name="testcases.NewTestMsgCSV" tests="1" failures="0" timestamp="7 Sep 2017 08:14:08 GMT" time="1.024" errors="0">
  <testcase name="testUntitled" time="1.024" classname="testcases.NewTestMsgCSV"/>
</testsuite> <!-- testcases.NewTestMsgCSV -->
