<?xml version="1.0" encoding="UTF-8"?>
<!-- Generated by org.testng.reporters.JUnitReportReporter -->
<testsuite hostname="testing001" name="jar.NewTestFirefox" tests="1" failures="0" timestamp="15 Aug 2017 09:50:39 GMT" time="76.361" errors="0">
  <testcase name="f" time="76.361" classname="jar.NewTestFirefox"/>
</testsuite> <!-- jar.NewTestFirefox -->
