<?xml version="1.0" encoding="UTF-8"?>
<!-- Generated by org.testng.reporters.JUnitReportReporter -->
<testsuite hostname="testing001" name="jar.NewTest1" tests="1" failures="0" timestamp="15 Aug 2017 09:50:39 GMT" time="5.129" errors="0">
  <testcase name="testUntitled" time="5.129" classname="jar.NewTest1"/>
</testsuite> <!-- jar.NewTest1 -->
